<?xml version="1.0" encoding="UTF-8"?>
<testsuites name="New Test Suite" time="163" tests="5" failures="1" errors="0">
   <testsuite name="New Test Suite" tests="5" failures="1" errors="0" time="163" timestamp="2018-05-10 15:40:47" hostname="Skynack - 10.80.197.215" id="Test Suites/New Test Suite">
      <properties>
         <property name="deviceName" value=""/>
         <property name="devicePlatform" value=""/>
         <property name="logFolder" value="C:\\Users\\Skynack\\git\\234project-backend\\Reports\\New Test Suite\\20180510_154044"/>
         <property name="logFiles" value="C:\\Users\\Skynack\\git\\234project-backend\\Reports\\New Test Suite\\20180510_154044\\execution0.log"/>
         <property name="attachments" value="C:\\Users\\Skynack\\git\\234project-backend\\Reports\\New Test Suite\\20180510_154044\\1525941808724.png, C:\\Users\\Skynack\\git\\234project-backend\\Reports\\New Test Suite\\20180510_154044\\1525941809085.png"/>
         <property name="hostName" value="Skynack - 10.80.197.215"/>
         <property name="os" value="Windows 10 64bit"/>
         <property name="katalonVersion" value="5.3.1.1"/>
         <property name="browser" value="Chrome 66.0.3359.139"/>
         <property name="hostAddress" value="10.80.197.215"/>
         <property name="sessionId" value="b88dde64096ae7696bc2a99cd3b9fc5d"/>
         <property name="seleniumVersion" value="3.7.1"/>
         <property name="proxyInformation" value="ProxyInformation{proxyOption=NO_PROXY, proxyServerType=HTTP, password=, proxyServerAddress=, proxyServerPort=0}"/>
         <property name="platform" value="Windows 10"/>
      </properties>
      <testcase name="Test Cases/Admin" classname="Test Cases/Admin" status="PASSED">
         <system-out><![CDATA[2018-05-10 15:40:48 - [TEST_CASE][PASSED] - Test Cases/Admin: Test Cases/Admin

2018-05-10 15:40:48 - [TEST_STEP][PASSED] - openBrowser: Browser is opened with url: ''

2018-05-10 15:40:54 - [MESSAGE][PASSED] - Browser is opened with url: ''

2018-05-10 15:40:54 - [TEST_STEP][PASSED] - navigateToUrl: Navigate to 'http://54.68.122.221:8087/' successfully

2018-05-10 15:41:05 - [MESSAGE][PASSED] - Navigate to 'http://54.68.122.221:8087/' successfully

2018-05-10 15:41:05 - [TEST_STEP][PASSED] - setText: Text 'admin' is set on object 'Object Repository/Page_ProjectBackend/username_1'

2018-05-10 15:41:06 - [MESSAGE][PASSED] - Text 'admin' is set on object 'Object Repository/Page_ProjectBackend/username_1'

2018-05-10 15:41:06 - [TEST_STEP][PASSED] - setText: Text 'admin' is set on object 'Object Repository/Page_ProjectBackend/password_1'

2018-05-10 15:41:06 - [MESSAGE][PASSED] - Text 'admin' is set on object 'Object Repository/Page_ProjectBackend/password_1'

2018-05-10 15:41:06 - [TEST_STEP][PASSED] - click: Object: 'Object Repository/Page_ProjectBackend/button_Login' is clicked on

2018-05-10 15:41:06 - [MESSAGE][PASSED] - Object: 'Object Repository/Page_ProjectBackend/button_Login' is clicked on

2018-05-10 15:41:06 - [TEST_STEP][PASSED] - click: Object: 'Object Repository/Page_ProjectBackend/a_Products' is clicked on

2018-05-10 15:41:07 - [MESSAGE][PASSED] - Object: 'Object Repository/Page_ProjectBackend/a_Products' is clicked on

2018-05-10 15:41:07 - [TEST_STEP][PASSED] - click: Object: 'Object Repository/Page_ProjectBackend/a_Total Transaction' is clicked on

2018-05-10 15:41:07 - [MESSAGE][PASSED] - Object: 'Object Repository/Page_ProjectBackend/a_Total Transaction' is clicked on

2018-05-10 15:41:07 - [TEST_STEP][PASSED] - closeBrowser: Browser is closed

2018-05-10 15:41:08 - [MESSAGE][PASSED] - Browser is closed]]></system-out>
         <system-err><![CDATA[]]></system-err>
      </testcase>
      <testcase name="Test Cases/User" classname="Test Cases/User" status="PASSED">
         <system-out><![CDATA[2018-05-10 15:41:08 - [TEST_CASE][PASSED] - Test Cases/User: Test Cases/User

2018-05-10 15:41:08 - [TEST_STEP][PASSED] - openBrowser: Browser is opened with url: ''

2018-05-10 15:41:11 - [MESSAGE][PASSED] - Browser is opened with url: ''

2018-05-10 15:41:11 - [TEST_STEP][PASSED] - navigateToUrl: Navigate to 'http://54.68.122.221:8087/' successfully

2018-05-10 15:41:28 - [MESSAGE][PASSED] - Navigate to 'http://54.68.122.221:8087/' successfully

2018-05-10 15:41:28 - [TEST_STEP][PASSED] - setText: Text 'user' is set on object 'Object Repository/User/Page_ProjectBackend/input_username'

2018-05-10 15:41:28 - [MESSAGE][PASSED] - Text 'user' is set on object 'Object Repository/User/Page_ProjectBackend/input_username'

2018-05-10 15:41:28 - [TEST_STEP][PASSED] - setText: Text 'user' is set on object 'Object Repository/User/Page_ProjectBackend/input_password'

2018-05-10 15:41:28 - [MESSAGE][PASSED] - Text 'user' is set on object 'Object Repository/User/Page_ProjectBackend/input_password'

2018-05-10 15:41:28 - [TEST_STEP][PASSED] - click: Object: 'Object Repository/User/Page_ProjectBackend/button_Login' is clicked on

2018-05-10 15:41:29 - [MESSAGE][PASSED] - Object: 'Object Repository/User/Page_ProjectBackend/button_Login' is clicked on

2018-05-10 15:41:29 - [TEST_STEP][PASSED] - click: Object: 'Object Repository/User/Page_ProjectBackend/a_Products' is clicked on

2018-05-10 15:41:30 - [MESSAGE][PASSED] - Object: 'Object Repository/User/Page_ProjectBackend/a_Products' is clicked on

2018-05-10 15:41:30 - [TEST_STEP][PASSED] - click: Object: 'Object Repository/User/Page_ProjectBackend/a_Carts' is clicked on

2018-05-10 15:41:30 - [MESSAGE][PASSED] - Object: 'Object Repository/User/Page_ProjectBackend/a_Carts' is clicked on

2018-05-10 15:41:30 - [TEST_STEP][PASSED] - closeBrowser: Browser is closed

2018-05-10 15:41:31 - [MESSAGE][PASSED] - Browser is closed]]></system-out>
         <system-err><![CDATA[]]></system-err>
      </testcase>
      <testcase name="Test Cases/Not correct" classname="Test Cases/Not correct" status="PASSED">
         <system-out><![CDATA[2018-05-10 15:41:31 - [TEST_CASE][PASSED] - Test Cases/Not correct: Test Cases/Not correct

2018-05-10 15:41:31 - [TEST_STEP][PASSED] - openBrowser: Browser is opened with url: ''

2018-05-10 15:41:37 - [MESSAGE][PASSED] - Browser is opened with url: ''

2018-05-10 15:41:37 - [TEST_STEP][PASSED] - navigateToUrl: Navigate to 'http://54.68.122.221:8087/' successfully

2018-05-10 15:41:53 - [MESSAGE][PASSED] - Navigate to 'http://54.68.122.221:8087/' successfully

2018-05-10 15:41:53 - [TEST_STEP][PASSED] - setText: Text 'asdfasdf' is set on object 'Object Repository/Not Correct/Page_ProjectBackend/input_username'

2018-05-10 15:41:53 - [MESSAGE][PASSED] - Text 'asdfasdf' is set on object 'Object Repository/Not Correct/Page_ProjectBackend/input_username'

2018-05-10 15:41:53 - [TEST_STEP][PASSED] - setText: Text 'asdfasdf' is set on object 'Object Repository/Not Correct/Page_ProjectBackend/input_password'

2018-05-10 15:41:53 - [MESSAGE][PASSED] - Text 'asdfasdf' is set on object 'Object Repository/Not Correct/Page_ProjectBackend/input_password'

2018-05-10 15:41:53 - [TEST_STEP][PASSED] - click: Object: 'Object Repository/Not Correct/Page_ProjectBackend/button_Login' is clicked on

2018-05-10 15:41:53 - [MESSAGE][PASSED] - Object: 'Object Repository/Not Correct/Page_ProjectBackend/button_Login' is clicked on

2018-05-10 15:41:53 - [TEST_STEP][PASSED] - click: Object: 'Object Repository/Not Correct/Page_ProjectBackend/label_Usernamepassword is inco' is clicked on

2018-05-10 15:41:54 - [MESSAGE][PASSED] - Object: 'Object Repository/Not Correct/Page_ProjectBackend/label_Usernamepassword is inco' is clicked on

2018-05-10 15:41:54 - [TEST_STEP][PASSED] - closeBrowser: Browser is closed

2018-05-10 15:41:55 - [MESSAGE][PASSED] - Browser is closed]]></system-out>
         <system-err><![CDATA[]]></system-err>
      </testcase>
      <testcase name="Test Cases/Not input user name" classname="Test Cases/Not input user name" status="PASSED">
         <system-out><![CDATA[2018-05-10 15:41:55 - [TEST_CASE][PASSED] - Test Cases/Not input user name: Test Cases/Not input user name

2018-05-10 15:41:56 - [TEST_STEP][PASSED] - openBrowser: Browser is opened with url: ''

2018-05-10 15:41:59 - [MESSAGE][PASSED] - Browser is opened with url: ''

2018-05-10 15:41:59 - [TEST_STEP][PASSED] - navigateToUrl: Navigate to 'http://54.68.122.221:8087/' successfully

2018-05-10 15:42:17 - [MESSAGE][PASSED] - Navigate to 'http://54.68.122.221:8087/' successfully

2018-05-10 15:42:17 - [TEST_STEP][PASSED] - setText: Text 'user' is set on object 'Object Repository/Not input user name/Page_ProjectBackend/input_password'

2018-05-10 15:42:17 - [MESSAGE][PASSED] - Text 'user' is set on object 'Object Repository/Not input user name/Page_ProjectBackend/input_password'

2018-05-10 15:42:17 - [TEST_STEP][PASSED] - click: Object: 'Object Repository/Not input user name/Page_ProjectBackend/button_Login' is clicked on

2018-05-10 15:42:17 - [MESSAGE][PASSED] - Object: 'Object Repository/Not input user name/Page_ProjectBackend/button_Login' is clicked on

2018-05-10 15:42:17 - [TEST_STEP][PASSED] - click: Object: 'Object Repository/Not input user name/Page_ProjectBackend/label_Username is required' is clicked on

2018-05-10 15:42:17 - [MESSAGE][PASSED] - Object: 'Object Repository/Not input user name/Page_ProjectBackend/label_Username is required' is clicked on

2018-05-10 15:42:17 - [TEST_STEP][PASSED] - closeBrowser: Browser is closed

2018-05-10 15:42:18 - [MESSAGE][PASSED] - Browser is closed]]></system-out>
         <system-err><![CDATA[]]></system-err>
      </testcase>
      <testcase name="Test Cases/Not input password" classname="Test Cases/Not input password" status="PASSED">
         <system-out><![CDATA[2018-05-10 15:42:19 - [TEST_CASE][PASSED] - Test Cases/Not input password: Test Cases/Not input password

2018-05-10 15:42:19 - [TEST_STEP][PASSED] - openBrowser: Browser is opened with url: ''

2018-05-10 15:42:22 - [MESSAGE][PASSED] - Browser is opened with url: ''

2018-05-10 15:42:22 - [TEST_STEP][PASSED] - navigateToUrl: Navigate to 'http://54.68.122.221:8087/' successfully

2018-05-10 15:42:35 - [MESSAGE][PASSED] - Navigate to 'http://54.68.122.221:8087/' successfully

2018-05-10 15:42:35 - [TEST_STEP][PASSED] - setText: Text 'user' is set on object 'Object Repository/Not input password/Page_ProjectBackend/input_username'

2018-05-10 15:42:35 - [MESSAGE][PASSED] - Text 'user' is set on object 'Object Repository/Not input password/Page_ProjectBackend/input_username'

2018-05-10 15:42:35 - [TEST_STEP][PASSED] - click: Object: 'Object Repository/Not input password/Page_ProjectBackend/button_Login' is clicked on

2018-05-10 15:42:35 - [MESSAGE][PASSED] - Object: 'Object Repository/Not input password/Page_ProjectBackend/button_Login' is clicked on

2018-05-10 15:42:35 - [TEST_STEP][PASSED] - click: Object: 'Object Repository/Not input password/Page_ProjectBackend/label_Password is required' is clicked on

2018-05-10 15:42:35 - [MESSAGE][PASSED] - Object: 'Object Repository/Not input password/Page_ProjectBackend/label_Password is required' is clicked on

2018-05-10 15:42:35 - [TEST_STEP][PASSED] - closeBrowser: Browser is closed

2018-05-10 15:42:37 - [MESSAGE][PASSED] - Browser is closed]]></system-out>
         <system-err><![CDATA[]]></system-err>
      </testcase>
      <testcase name="Test Cases/UserAllProduct" classname="Test Cases/UserAllProduct" status="FAILED">
         <failure type="FAILED" message="Verify element text of test object 'Object Repository/AllProduct/Page_ProjectBackend/h5_Garden' FAILED. (Root cause: com.kms.katalon.core.webui.exception.WebElementNotFoundException: Web element with id: 'Object Repository/AllProduct/Page_ProjectBackend/h5_Garden' located by 'By.xpath: //h5[(text() = 'Garden' or . = 'Garden')]' not found)"/>
         <system-out><![CDATA[2018-05-10 15:42:37 - [TEST_CASE][FAILED] - Test Cases/UserAllProduct: Test Cases/UserAllProduct FAILED because (of) Verify element text of test object 'Object Repository/AllProduct/Page_ProjectBackend/h5_Garden' FAILED. (Root cause: com.kms.katalon.core.webui.exception.WebElementNotFoundException: Web element with id: 'Object Repository/AllProduct/Page_ProjectBackend/h5_Garden' located by 'By.xpath: //h5[(text() = 'Garden' or . = 'Garden')]' not found)

2018-05-10 15:42:37 - [TEST_STEP][PASSED] - openBrowser: Browser is opened with url: ''

2018-05-10 15:42:41 - [MESSAGE][PASSED] - Browser is opened with url: ''

2018-05-10 15:42:41 - [TEST_STEP][PASSED] - navigateToUrl: Navigate to 'http://54.68.122.221:8087/' successfully

2018-05-10 15:42:56 - [MESSAGE][PASSED] - Navigate to 'http://54.68.122.221:8087/' successfully

2018-05-10 15:42:56 - [TEST_STEP][PASSED] - setText: Text 'user' is set on object 'Object Repository/AllProduct/Page_ProjectBackend/input_username'

2018-05-10 15:42:56 - [MESSAGE][PASSED] - Text 'user' is set on object 'Object Repository/AllProduct/Page_ProjectBackend/input_username'

2018-05-10 15:42:56 - [TEST_STEP][PASSED] - setText: Text 'user' is set on object 'Object Repository/AllProduct/Page_ProjectBackend/input_password'

2018-05-10 15:42:57 - [MESSAGE][PASSED] - Text 'user' is set on object 'Object Repository/AllProduct/Page_ProjectBackend/input_password'

2018-05-10 15:42:57 - [TEST_STEP][PASSED] - click: Object: 'Object Repository/AllProduct/Page_ProjectBackend/button_Login' is clicked on

2018-05-10 15:42:57 - [MESSAGE][PASSED] - Object: 'Object Repository/AllProduct/Page_ProjectBackend/button_Login' is clicked on

2018-05-10 15:42:57 - [TEST_STEP][FAILED] - verifyElementText: Verify element text of test object 'Object Repository/AllProduct/Page_ProjectBackend/h5_Garden' FAILED. (Root cause: com.kms.katalon.core.webui.exception.WebElementNotFoundException: Web element with id: 'Object Repository/AllProduct/Page_ProjectBackend/h5_Garden' located by 'By.xpath: //h5[(text() = 'Garden' or . = 'Garden')]' not found)

2018-05-10 15:43:29 - [MESSAGE][FAILED] - com.kms.katalon.core.webui.exception.WebElementNotFoundException: Web element with id: 'Object Repository/AllProduct/Page_ProjectBackend/h5_Garden' located by 'By.xpath: //h5[(text() = 'Garden' or . = 'Garden')]' not found
[[ATTACHMENT|C:\\Users\\Skynack\\git\\234project-backend\\Reports\\New Test Suite\\20180510_154044\\1525941808724.png]]

2018-05-10 15:43:29 - [MESSAGE][FAILED] - Verify element text of test object 'Object Repository/AllProduct/Page_ProjectBackend/h5_Garden' FAILED. (Root cause: com.kms.katalon.core.webui.exception.WebElementNotFoundException: Web element with id: 'Object Repository/AllProduct/Page_ProjectBackend/h5_Garden' located by 'By.xpath: //h5[(text() = 'Garden' or . = 'Garden')]' not found)
[[ATTACHMENT|C:\\Users\\Skynack\\git\\234project-backend\\Reports\\New Test Suite\\20180510_154044\\1525941809085.png]]]]></system-out>
         <system-err><![CDATA[2018-05-10 15:42:37 - [TEST_CASE][FAILED] - Test Cases/UserAllProduct: Test Cases/UserAllProduct FAILED because (of) Verify element text of test object 'Object Repository/AllProduct/Page_ProjectBackend/h5_Garden' FAILED. (Root cause: com.kms.katalon.core.webui.exception.WebElementNotFoundException: Web element with id: 'Object Repository/AllProduct/Page_ProjectBackend/h5_Garden' located by 'By.xpath: //h5[(text() = 'Garden' or . = 'Garden')]' not found)]]></system-err>
      </testcase>
      <system-out><![CDATA[2018-05-10 15:40:47 - [TEST_SUITE][FAILED] - New Test Suite: Test Cases/UserAllProduct FAILED because (of) Verify element text of test object 'Object Repository/AllProduct/Page_ProjectBackend/h5_Garden' FAILED. (Root cause: com.kms.katalon.core.webui.exception.WebElementNotFoundException: Web element with id: 'Object Repository/AllProduct/Page_ProjectBackend/h5_Garden' located by 'By.xpath: //h5[(text() = 'Garden' or . = 'Garden')]' not found)]]></system-out>
      <system-err><![CDATA[2018-05-10 15:40:47 - [TEST_SUITE][FAILED] - New Test Suite: Test Cases/UserAllProduct FAILED because (of) Verify element text of test object 'Object Repository/AllProduct/Page_ProjectBackend/h5_Garden' FAILED. (Root cause: com.kms.katalon.core.webui.exception.WebElementNotFoundException: Web element with id: 'Object Repository/AllProduct/Page_ProjectBackend/h5_Garden' located by 'By.xpath: //h5[(text() = 'Garden' or . = 'Garden')]' not found)]]></system-err>
   </testsuite>
</testsuites>
