<?xml version="1.0" encoding="UTF-8"?>
<testsuites name="New Test Suite" time="167" tests="9" failures="1" errors="0">
   <testsuite name="New Test Suite" tests="9" failures="1" errors="0" time="167" timestamp="2018-05-10 17:01:50" hostname="Skynack - 10.80.197.215" id="Test Suites/New Test Suite">
      <properties>
         <property name="deviceName" value=""/>
         <property name="devicePlatform" value=""/>
         <property name="logFolder" value="C:\\Users\\Skynack\\git\\234project-backend\\Reports\\New Test Suite\\20180510_170149"/>
         <property name="logFiles" value="C:\\Users\\Skynack\\git\\234project-backend\\Reports\\New Test Suite\\20180510_170149\\execution0.log"/>
         <property name="attachments" value="C:\\Users\\Skynack\\git\\234project-backend\\Reports\\New Test Suite\\20180510_170149\\1525946568337.png"/>
         <property name="hostName" value="Skynack - 10.80.197.215"/>
         <property name="os" value="Windows 10 64bit"/>
         <property name="katalonVersion" value="5.3.1.1"/>
         <property name="browser" value="Chrome 66.0.3359.139"/>
         <property name="hostAddress" value="10.80.197.215"/>
         <property name="sessionId" value="1b2c52417232fd870a0d1b0e459997f7"/>
         <property name="seleniumVersion" value="3.7.1"/>
         <property name="proxyInformation" value="ProxyInformation{proxyOption=NO_PROXY, proxyServerType=HTTP, password=, proxyServerAddress=, proxyServerPort=0}"/>
         <property name="platform" value="Windows 10"/>
      </properties>
      <testcase name="Test Cases/Confirm" classname="Test Cases/Confirm" status="PASSED">
         <system-out><![CDATA[2018-05-10 17:01:50 - [TEST_CASE][PASSED] - Test Cases/Confirm: Test Cases/Confirm

2018-05-10 17:01:51 - [TEST_STEP][PASSED] - openBrowser: Browser is opened with url: ''

2018-05-10 17:01:56 - [MESSAGE][PASSED] - Browser is opened with url: ''

2018-05-10 17:01:56 - [TEST_STEP][PASSED] - navigateToUrl: Navigate to 'http://54.68.122.221:8087/' successfully

2018-05-10 17:02:03 - [MESSAGE][PASSED] - Navigate to 'http://54.68.122.221:8087/' successfully

2018-05-10 17:02:03 - [TEST_STEP][PASSED] - setText: Text 'user' is set on object 'Object Repository/Confirm/Page_ProjectBackend/input_username'

2018-05-10 17:02:03 - [MESSAGE][PASSED] - Text 'user' is set on object 'Object Repository/Confirm/Page_ProjectBackend/input_username'

2018-05-10 17:02:03 - [TEST_STEP][PASSED] - setText: Text 'user' is set on object 'Object Repository/Confirm/Page_ProjectBackend/input_password'

2018-05-10 17:02:04 - [MESSAGE][PASSED] - Text 'user' is set on object 'Object Repository/Confirm/Page_ProjectBackend/input_password'

2018-05-10 17:02:04 - [TEST_STEP][PASSED] - click: Object: 'Object Repository/Confirm/Page_ProjectBackend/button_Login' is clicked on

2018-05-10 17:02:04 - [MESSAGE][PASSED] - Object: 'Object Repository/Confirm/Page_ProjectBackend/button_Login' is clicked on

2018-05-10 17:02:04 - [TEST_STEP][PASSED] - click: Object: 'Object Repository/Confirm/Page_ProjectBackend/button_add to cart' is clicked on

2018-05-10 17:02:05 - [MESSAGE][PASSED] - Object: 'Object Repository/Confirm/Page_ProjectBackend/button_add to cart' is clicked on

2018-05-10 17:02:05 - [TEST_STEP][PASSED] - click: Object: 'Object Repository/Confirm/Page_ProjectBackend/a_Carts            1' is clicked on

2018-05-10 17:02:06 - [MESSAGE][PASSED] - Object: 'Object Repository/Confirm/Page_ProjectBackend/a_Carts            1' is clicked on

2018-05-10 17:02:06 - [TEST_STEP][PASSED] - setText: Text '2' is set on object 'Object Repository/Confirm/Page_ProjectBackend/input_amount'

2018-05-10 17:02:06 - [MESSAGE][PASSED] - Text '2' is set on object 'Object Repository/Confirm/Page_ProjectBackend/input_amount'

2018-05-10 17:02:06 - [TEST_STEP][PASSED] - verifyElementText: Actual text and expected text of test object 'Object Repository/Confirm/Page_ProjectBackend/p_Total price  40000 THB' are matched.

2018-05-10 17:02:06 - [MESSAGE][PASSED] - Actual text and expected text of test object 'Object Repository/Confirm/Page_ProjectBackend/p_Total price  40000 THB' are matched.

2018-05-10 17:02:06 - [TEST_STEP][PASSED] - click: Object: 'Object Repository/Confirm/Page_ProjectBackend/button_confirm' is clicked on

2018-05-10 17:02:06 - [MESSAGE][PASSED] - Object: 'Object Repository/Confirm/Page_ProjectBackend/button_confirm' is clicked on

2018-05-10 17:02:06 - [TEST_STEP][PASSED] - closeBrowser: Browser is closed

2018-05-10 17:02:07 - [MESSAGE][PASSED] - Browser is closed]]></system-out>
         <system-err><![CDATA[]]></system-err>
      </testcase>
      <testcase name="Test Cases/User" classname="Test Cases/User" status="FAILED">
         <failure type="FAILED" message="Unable to click on object 'Object Repository/User/Page_ProjectBackend/a_Products' (Root cause: com.kms.katalon.core.webui.exception.WebElementNotFoundException: Web element with id: 'Object Repository/User/Page_ProjectBackend/a_Products' located by 'By.xpath: //a[@href = '/products' and (text() = 'Products
          ' or . = 'Products
          ')]' not found)"/>
         <system-out><![CDATA[2018-05-10 17:02:07 - [TEST_CASE][FAILED] - Test Cases/User: Test Cases/User FAILED because (of) Unable to click on object 'Object Repository/User/Page_ProjectBackend/a_Products' (Root cause: com.kms.katalon.core.webui.exception.WebElementNotFoundException: Web element with id: 'Object Repository/User/Page_ProjectBackend/a_Products' located by 'By.xpath: //a[@href = '/products' and (text() = 'Products
          ' or . = 'Products
          ')]' not found)

2018-05-10 17:02:07 - [TEST_STEP][PASSED] - openBrowser: Browser is opened with url: ''

2018-05-10 17:02:10 - [MESSAGE][PASSED] - Browser is opened with url: ''

2018-05-10 17:02:10 - [TEST_STEP][PASSED] - navigateToUrl: Navigate to 'http://54.68.122.221:8087/' successfully

2018-05-10 17:02:16 - [MESSAGE][PASSED] - Navigate to 'http://54.68.122.221:8087/' successfully

2018-05-10 17:02:16 - [TEST_STEP][PASSED] - setText: Text 'user' is set on object 'Object Repository/User/Page_ProjectBackend/input_username'

2018-05-10 17:02:16 - [MESSAGE][PASSED] - Text 'user' is set on object 'Object Repository/User/Page_ProjectBackend/input_username'

2018-05-10 17:02:16 - [TEST_STEP][PASSED] - setText: Text 'user' is set on object 'Object Repository/User/Page_ProjectBackend/input_password'

2018-05-10 17:02:16 - [MESSAGE][PASSED] - Text 'user' is set on object 'Object Repository/User/Page_ProjectBackend/input_password'

2018-05-10 17:02:16 - [TEST_STEP][PASSED] - click: Object: 'Object Repository/User/Page_ProjectBackend/button_Login' is clicked on

2018-05-10 17:02:16 - [MESSAGE][PASSED] - Object: 'Object Repository/User/Page_ProjectBackend/button_Login' is clicked on

2018-05-10 17:02:16 - [TEST_STEP][FAILED] - click: Unable to click on object 'Object Repository/User/Page_ProjectBackend/a_Products' (Root cause: com.kms.katalon.core.webui.exception.WebElementNotFoundException: Web element with id: 'Object Repository/User/Page_ProjectBackend/a_Products' located by 'By.xpath: //a[@href = '/products' and (text() = 'Products
          ' or . = 'Products
          ')]' not found)

2018-05-10 17:02:48 - [MESSAGE][FAILED] - Unable to click on object 'Object Repository/User/Page_ProjectBackend/a_Products' (Root cause: com.kms.katalon.core.webui.exception.WebElementNotFoundException: Web element with id: 'Object Repository/User/Page_ProjectBackend/a_Products' located by 'By.xpath: //a[@href = '/products' and (text() = 'Products
          ' or . = 'Products
          ')]' not found)
[[ATTACHMENT|C:\\Users\\Skynack\\git\\234project-backend\\Reports\\New Test Suite\\20180510_170149\\1525946568337.png]]]]></system-out>
         <system-err><![CDATA[2018-05-10 17:02:07 - [TEST_CASE][FAILED] - Test Cases/User: Test Cases/User FAILED because (of) Unable to click on object 'Object Repository/User/Page_ProjectBackend/a_Products' (Root cause: com.kms.katalon.core.webui.exception.WebElementNotFoundException: Web element with id: 'Object Repository/User/Page_ProjectBackend/a_Products' located by 'By.xpath: //a[@href = '/products' and (text() = 'Products
          ' or . = 'Products
          ')]' not found)]]></system-err>
      </testcase>
      <testcase name="Test Cases/Not correct" classname="Test Cases/Not correct" status="PASSED">
         <system-out><![CDATA[2018-05-10 17:02:48 - [TEST_CASE][PASSED] - Test Cases/Not correct: Test Cases/Not correct

2018-05-10 17:02:48 - [TEST_STEP][PASSED] - openBrowser: Browser is opened with url: ''

2018-05-10 17:02:48 - [MESSAGE][WARNING] - A browser is already opened. Closing browser and opening a new one

2018-05-10 17:02:52 - [MESSAGE][PASSED] - Browser is opened with url: ''

2018-05-10 17:02:52 - [TEST_STEP][PASSED] - navigateToUrl: Navigate to 'http://54.68.122.221:8087/' successfully

2018-05-10 17:02:58 - [MESSAGE][PASSED] - Navigate to 'http://54.68.122.221:8087/' successfully

2018-05-10 17:02:58 - [TEST_STEP][PASSED] - setText: Text 'asdfasdf' is set on object 'Object Repository/Not Correct/Page_ProjectBackend/input_username'

2018-05-10 17:02:58 - [MESSAGE][PASSED] - Text 'asdfasdf' is set on object 'Object Repository/Not Correct/Page_ProjectBackend/input_username'

2018-05-10 17:02:58 - [TEST_STEP][PASSED] - setText: Text 'asdfasdf' is set on object 'Object Repository/Not Correct/Page_ProjectBackend/input_password'

2018-05-10 17:02:58 - [MESSAGE][PASSED] - Text 'asdfasdf' is set on object 'Object Repository/Not Correct/Page_ProjectBackend/input_password'

2018-05-10 17:02:58 - [TEST_STEP][PASSED] - click: Object: 'Object Repository/Not Correct/Page_ProjectBackend/button_Login' is clicked on

2018-05-10 17:02:59 - [MESSAGE][PASSED] - Object: 'Object Repository/Not Correct/Page_ProjectBackend/button_Login' is clicked on

2018-05-10 17:02:59 - [TEST_STEP][PASSED] - click: Object: 'Object Repository/Not Correct/Page_ProjectBackend/label_Usernamepassword is inco' is clicked on

2018-05-10 17:03:00 - [MESSAGE][PASSED] - Object: 'Object Repository/Not Correct/Page_ProjectBackend/label_Usernamepassword is inco' is clicked on

2018-05-10 17:03:00 - [TEST_STEP][PASSED] - closeBrowser: Browser is closed

2018-05-10 17:03:01 - [MESSAGE][PASSED] - Browser is closed]]></system-out>
         <system-err><![CDATA[]]></system-err>
      </testcase>
      <testcase name="Test Cases/Not input user name" classname="Test Cases/Not input user name" status="PASSED">
         <system-out><![CDATA[2018-05-10 17:03:01 - [TEST_CASE][PASSED] - Test Cases/Not input user name: Test Cases/Not input user name

2018-05-10 17:03:01 - [TEST_STEP][PASSED] - openBrowser: Browser is opened with url: ''

2018-05-10 17:03:04 - [MESSAGE][PASSED] - Browser is opened with url: ''

2018-05-10 17:03:04 - [TEST_STEP][PASSED] - navigateToUrl: Navigate to 'http://54.68.122.221:8087/' successfully

2018-05-10 17:03:10 - [MESSAGE][PASSED] - Navigate to 'http://54.68.122.221:8087/' successfully

2018-05-10 17:03:10 - [TEST_STEP][PASSED] - setText: Text 'user' is set on object 'Object Repository/Not input user name/Page_ProjectBackend/input_password'

2018-05-10 17:03:10 - [MESSAGE][PASSED] - Text 'user' is set on object 'Object Repository/Not input user name/Page_ProjectBackend/input_password'

2018-05-10 17:03:10 - [TEST_STEP][PASSED] - click: Object: 'Object Repository/Not input user name/Page_ProjectBackend/button_Login' is clicked on

2018-05-10 17:03:10 - [MESSAGE][PASSED] - Object: 'Object Repository/Not input user name/Page_ProjectBackend/button_Login' is clicked on

2018-05-10 17:03:10 - [TEST_STEP][PASSED] - click: Object: 'Object Repository/Not input user name/Page_ProjectBackend/label_Username is required' is clicked on

2018-05-10 17:03:10 - [MESSAGE][PASSED] - Object: 'Object Repository/Not input user name/Page_ProjectBackend/label_Username is required' is clicked on

2018-05-10 17:03:10 - [TEST_STEP][PASSED] - closeBrowser: Browser is closed

2018-05-10 17:03:11 - [MESSAGE][PASSED] - Browser is closed]]></system-out>
         <system-err><![CDATA[]]></system-err>
      </testcase>
      <testcase name="Test Cases/Not input password" classname="Test Cases/Not input password" status="PASSED">
         <system-out><![CDATA[2018-05-10 17:03:11 - [TEST_CASE][PASSED] - Test Cases/Not input password: Test Cases/Not input password

2018-05-10 17:03:11 - [TEST_STEP][PASSED] - openBrowser: Browser is opened with url: ''

2018-05-10 17:03:14 - [MESSAGE][PASSED] - Browser is opened with url: ''

2018-05-10 17:03:14 - [TEST_STEP][PASSED] - navigateToUrl: Navigate to 'http://54.68.122.221:8087/' successfully

2018-05-10 17:03:22 - [MESSAGE][PASSED] - Navigate to 'http://54.68.122.221:8087/' successfully

2018-05-10 17:03:22 - [TEST_STEP][PASSED] - setText: Text 'user' is set on object 'Object Repository/Not input password/Page_ProjectBackend/input_username'

2018-05-10 17:03:22 - [MESSAGE][PASSED] - Text 'user' is set on object 'Object Repository/Not input password/Page_ProjectBackend/input_username'

2018-05-10 17:03:22 - [TEST_STEP][PASSED] - click: Object: 'Object Repository/Not input password/Page_ProjectBackend/button_Login' is clicked on

2018-05-10 17:03:22 - [MESSAGE][PASSED] - Object: 'Object Repository/Not input password/Page_ProjectBackend/button_Login' is clicked on

2018-05-10 17:03:22 - [TEST_STEP][PASSED] - click: Object: 'Object Repository/Not input password/Page_ProjectBackend/label_Password is required' is clicked on

2018-05-10 17:03:22 - [MESSAGE][PASSED] - Object: 'Object Repository/Not input password/Page_ProjectBackend/label_Password is required' is clicked on

2018-05-10 17:03:22 - [TEST_STEP][PASSED] - closeBrowser: Browser is closed

2018-05-10 17:03:23 - [MESSAGE][PASSED] - Browser is closed]]></system-out>
         <system-err><![CDATA[]]></system-err>
      </testcase>
      <testcase name="Test Cases/UserAllProduct" classname="Test Cases/UserAllProduct" status="PASSED">
         <system-out><![CDATA[2018-05-10 17:03:23 - [TEST_CASE][PASSED] - Test Cases/UserAllProduct: Test Cases/UserAllProduct

2018-05-10 17:03:23 - [TEST_STEP][PASSED] - openBrowser: Browser is opened with url: ''

2018-05-10 17:03:28 - [MESSAGE][PASSED] - Browser is opened with url: ''

2018-05-10 17:03:28 - [TEST_STEP][PASSED] - navigateToUrl: Navigate to 'http://54.68.122.221:8087/' successfully

2018-05-10 17:03:35 - [MESSAGE][PASSED] - Navigate to 'http://54.68.122.221:8087/' successfully

2018-05-10 17:03:35 - [TEST_STEP][PASSED] - setText: Text 'user' is set on object 'Object Repository/AllProduct/Page_ProjectBackend/input_username'

2018-05-10 17:03:35 - [MESSAGE][PASSED] - Text 'user' is set on object 'Object Repository/AllProduct/Page_ProjectBackend/input_username'

2018-05-10 17:03:35 - [TEST_STEP][PASSED] - setText: Text 'user' is set on object 'Object Repository/AllProduct/Page_ProjectBackend/input_password'

2018-05-10 17:03:36 - [MESSAGE][PASSED] - Text 'user' is set on object 'Object Repository/AllProduct/Page_ProjectBackend/input_password'

2018-05-10 17:03:36 - [TEST_STEP][PASSED] - click: Object: 'Object Repository/AllProduct/Page_ProjectBackend/button_Login' is clicked on

2018-05-10 17:03:36 - [MESSAGE][PASSED] - Object: 'Object Repository/AllProduct/Page_ProjectBackend/button_Login' is clicked on

2018-05-10 17:03:36 - [TEST_STEP][PASSED] - verifyElementText: Actual text and expected text of test object 'Object Repository/AllProduct/Page_ProjectBackend/h5_Garden' are matched.

2018-05-10 17:03:37 - [MESSAGE][PASSED] - Actual text and expected text of test object 'Object Repository/AllProduct/Page_ProjectBackend/h5_Garden' are matched.

2018-05-10 17:03:37 - [TEST_STEP][PASSED] - verifyElementText: Actual text and expected text of test object 'Object Repository/AllProduct/Page_ProjectBackend/h5_Banana' are matched.

2018-05-10 17:03:37 - [MESSAGE][PASSED] - Actual text and expected text of test object 'Object Repository/AllProduct/Page_ProjectBackend/h5_Banana' are matched.

2018-05-10 17:03:37 - [TEST_STEP][PASSED] - verifyElementText: Actual text and expected text of test object 'Object Repository/AllProduct/Page_ProjectBackend/h5_Orange' are matched.

2018-05-10 17:03:38 - [MESSAGE][PASSED] - Actual text and expected text of test object 'Object Repository/AllProduct/Page_ProjectBackend/h5_Orange' are matched.

2018-05-10 17:03:38 - [TEST_STEP][PASSED] - verifyElementText: Actual text and expected text of test object 'Object Repository/AllProduct/Page_ProjectBackend/h5_Papaya' are matched.

2018-05-10 17:03:38 - [MESSAGE][PASSED] - Actual text and expected text of test object 'Object Repository/AllProduct/Page_ProjectBackend/h5_Papaya' are matched.

2018-05-10 17:03:38 - [TEST_STEP][PASSED] - verifyElementText: Actual text and expected text of test object 'Object Repository/AllProduct/Page_ProjectBackend/h5_Rambutan' are matched.

2018-05-10 17:03:38 - [MESSAGE][PASSED] - Actual text and expected text of test object 'Object Repository/AllProduct/Page_ProjectBackend/h5_Rambutan' are matched.

2018-05-10 17:03:38 - [TEST_STEP][PASSED] - closeBrowser: Browser is closed

2018-05-10 17:03:38 - [MESSAGE][PASSED] - Browser is closed]]></system-out>
         <system-err><![CDATA[]]></system-err>
      </testcase>
      <testcase name="Test Cases/UserAddToCarts" classname="Test Cases/UserAddToCarts" status="PASSED">
         <system-out><![CDATA[2018-05-10 17:03:39 - [TEST_CASE][PASSED] - Test Cases/UserAddToCarts: Test Cases/UserAddToCarts

2018-05-10 17:03:39 - [TEST_STEP][PASSED] - openBrowser: Browser is opened with url: ''

2018-05-10 17:03:42 - [MESSAGE][PASSED] - Browser is opened with url: ''

2018-05-10 17:03:42 - [TEST_STEP][PASSED] - navigateToUrl: Navigate to 'http://54.68.122.221:8087/' successfully

2018-05-10 17:03:49 - [MESSAGE][PASSED] - Navigate to 'http://54.68.122.221:8087/' successfully

2018-05-10 17:03:49 - [TEST_STEP][PASSED] - setText: Text 'user' is set on object 'Object Repository/AddToCart/Page_ProjectBackend/input_username'

2018-05-10 17:03:49 - [MESSAGE][PASSED] - Text 'user' is set on object 'Object Repository/AddToCart/Page_ProjectBackend/input_username'

2018-05-10 17:03:49 - [TEST_STEP][PASSED] - setText: Text 'user' is set on object 'Object Repository/AddToCart/Page_ProjectBackend/input_password'

2018-05-10 17:03:49 - [MESSAGE][PASSED] - Text 'user' is set on object 'Object Repository/AddToCart/Page_ProjectBackend/input_password'

2018-05-10 17:03:49 - [TEST_STEP][PASSED] - click: Object: 'Object Repository/AddToCart/Page_ProjectBackend/button_Login' is clicked on

2018-05-10 17:03:49 - [MESSAGE][PASSED] - Object: 'Object Repository/AddToCart/Page_ProjectBackend/button_Login' is clicked on

2018-05-10 17:03:49 - [TEST_STEP][PASSED] - click: Object: 'Object Repository/AddToCart/Page_ProjectBackend/button_add to cart' is clicked on

2018-05-10 17:03:51 - [MESSAGE][PASSED] - Object: 'Object Repository/AddToCart/Page_ProjectBackend/button_add to cart' is clicked on

2018-05-10 17:03:51 - [TEST_STEP][PASSED] - click: Object: 'Object Repository/AddToCart/Page_ProjectBackend/span_1' is clicked on

2018-05-10 17:03:51 - [MESSAGE][PASSED] - Object: 'Object Repository/AddToCart/Page_ProjectBackend/span_1' is clicked on

2018-05-10 17:03:51 - [TEST_STEP][PASSED] - closeBrowser: Browser is closed

2018-05-10 17:03:52 - [MESSAGE][PASSED] - Browser is closed]]></system-out>
         <system-err><![CDATA[]]></system-err>
      </testcase>
      <testcase name="Test Cases/Admin" classname="Test Cases/Admin" status="PASSED">
         <system-out><![CDATA[2018-05-10 17:03:52 - [TEST_CASE][PASSED] - Test Cases/Admin: Test Cases/Admin

2018-05-10 17:03:52 - [TEST_STEP][PASSED] - openBrowser: Browser is opened with url: ''

2018-05-10 17:03:58 - [MESSAGE][PASSED] - Browser is opened with url: ''

2018-05-10 17:03:58 - [TEST_STEP][PASSED] - navigateToUrl: Navigate to 'http://54.68.122.221:8087/' successfully

2018-05-10 17:04:05 - [MESSAGE][PASSED] - Navigate to 'http://54.68.122.221:8087/' successfully

2018-05-10 17:04:05 - [TEST_STEP][PASSED] - setText: Text 'admin' is set on object 'Object Repository/Page_ProjectBackend/username_1'

2018-05-10 17:04:05 - [MESSAGE][PASSED] - Text 'admin' is set on object 'Object Repository/Page_ProjectBackend/username_1'

2018-05-10 17:04:05 - [TEST_STEP][PASSED] - setText: Text 'admin' is set on object 'Object Repository/Page_ProjectBackend/password_1'

2018-05-10 17:04:06 - [MESSAGE][PASSED] - Text 'admin' is set on object 'Object Repository/Page_ProjectBackend/password_1'

2018-05-10 17:04:06 - [TEST_STEP][PASSED] - click: Object: 'Object Repository/Page_ProjectBackend/button_Login' is clicked on

2018-05-10 17:04:06 - [MESSAGE][PASSED] - Object: 'Object Repository/Page_ProjectBackend/button_Login' is clicked on

2018-05-10 17:04:06 - [TEST_STEP][PASSED] - click: Object: 'Object Repository/Page_ProjectBackend/a_Products' is clicked on

2018-05-10 17:04:07 - [MESSAGE][PASSED] - Object: 'Object Repository/Page_ProjectBackend/a_Products' is clicked on

2018-05-10 17:04:07 - [TEST_STEP][PASSED] - click: Object: 'Object Repository/Page_ProjectBackend/a_Total Transaction' is clicked on

2018-05-10 17:04:07 - [MESSAGE][PASSED] - Object: 'Object Repository/Page_ProjectBackend/a_Total Transaction' is clicked on

2018-05-10 17:04:07 - [TEST_STEP][PASSED] - closeBrowser: Browser is closed

2018-05-10 17:04:08 - [MESSAGE][PASSED] - Browser is closed]]></system-out>
         <system-err><![CDATA[]]></system-err>
      </testcase>
      <testcase name="Test Cases/Logout" classname="Test Cases/Logout" status="PASSED">
         <system-out><![CDATA[2018-05-10 17:04:08 - [TEST_CASE][PASSED] - Test Cases/Logout: Test Cases/Logout

2018-05-10 17:04:08 - [TEST_STEP][PASSED] - openBrowser: Browser is opened with url: ''

2018-05-10 17:04:12 - [MESSAGE][PASSED] - Browser is opened with url: ''

2018-05-10 17:04:12 - [TEST_STEP][PASSED] - navigateToUrl: Navigate to 'http://54.68.122.221:8087/' successfully

2018-05-10 17:04:20 - [MESSAGE][PASSED] - Navigate to 'http://54.68.122.221:8087/' successfully

2018-05-10 17:04:20 - [TEST_STEP][PASSED] - setText: Text 'user' is set on object 'Object Repository/Logout/Page_ProjectBackend/input_username'

2018-05-10 17:04:20 - [MESSAGE][PASSED] - Text 'user' is set on object 'Object Repository/Logout/Page_ProjectBackend/input_username'

2018-05-10 17:04:20 - [TEST_STEP][PASSED] - setText: Text 'user' is set on object 'Object Repository/Logout/Page_ProjectBackend/input_password'

2018-05-10 17:04:20 - [MESSAGE][PASSED] - Text 'user' is set on object 'Object Repository/Logout/Page_ProjectBackend/input_password'

2018-05-10 17:04:20 - [TEST_STEP][PASSED] - click: Object: 'Object Repository/Logout/Page_ProjectBackend/button_Login' is clicked on

2018-05-10 17:04:20 - [MESSAGE][PASSED] - Object: 'Object Repository/Logout/Page_ProjectBackend/button_Login' is clicked on

2018-05-10 17:04:20 - [TEST_STEP][PASSED] - click: Object: 'Object Repository/Logout/Page_ProjectBackend/button_Logout' is clicked on

2018-05-10 17:04:21 - [MESSAGE][PASSED] - Object: 'Object Repository/Logout/Page_ProjectBackend/button_Logout' is clicked on

2018-05-10 17:04:21 - [TEST_STEP][PASSED] - click: Object: 'Object Repository/Logout/Page_ProjectBackend/h2_Login' is clicked on

2018-05-10 17:04:21 - [MESSAGE][PASSED] - Object: 'Object Repository/Logout/Page_ProjectBackend/h2_Login' is clicked on

2018-05-10 17:04:21 - [TEST_STEP][PASSED] - closeBrowser: Browser is closed

2018-05-10 17:04:22 - [MESSAGE][PASSED] - Browser is closed]]></system-out>
         <system-err><![CDATA[]]></system-err>
      </testcase>
      <testcase name="Test Cases/Transaction" classname="Test Cases/Transaction" status="PASSED">
         <system-out><![CDATA[2018-05-10 17:04:22 - [TEST_CASE][PASSED] - Test Cases/Transaction: Test Cases/Transaction

2018-05-10 17:04:22 - [TEST_STEP][PASSED] - openBrowser: Browser is opened with url: ''

2018-05-10 17:04:26 - [MESSAGE][PASSED] - Browser is opened with url: ''

2018-05-10 17:04:26 - [TEST_STEP][PASSED] - navigateToUrl: Navigate to 'http://54.68.122.221:8087/' successfully

2018-05-10 17:04:34 - [MESSAGE][PASSED] - Navigate to 'http://54.68.122.221:8087/' successfully

2018-05-10 17:04:34 - [TEST_STEP][PASSED] - setText: Text 'admin' is set on object 'Object Repository/Transaction/Page_ProjectBackend/input_username'

2018-05-10 17:04:34 - [MESSAGE][PASSED] - Text 'admin' is set on object 'Object Repository/Transaction/Page_ProjectBackend/input_username'

2018-05-10 17:04:34 - [TEST_STEP][PASSED] - setText: Text 'admin' is set on object 'Object Repository/Transaction/Page_ProjectBackend/input_password'

2018-05-10 17:04:34 - [MESSAGE][PASSED] - Text 'admin' is set on object 'Object Repository/Transaction/Page_ProjectBackend/input_password'

2018-05-10 17:04:34 - [TEST_STEP][PASSED] - click: Object: 'Object Repository/Page_ProjectBackend/button_Login' is clicked on

2018-05-10 17:04:34 - [MESSAGE][PASSED] - Object: 'Object Repository/Page_ProjectBackend/button_Login' is clicked on

2018-05-10 17:04:34 - [TEST_STEP][PASSED] - click: Object: 'Object Repository/Transaction/Page_ProjectBackend/a_Total Transaction' is clicked on

2018-05-10 17:04:36 - [MESSAGE][PASSED] - Object: 'Object Repository/Transaction/Page_ProjectBackend/a_Total Transaction' is clicked on

2018-05-10 17:04:36 - [TEST_STEP][PASSED] - verifyElementText: Actual text and expected text of test object 'Object Repository/Transaction/Page_ProjectBackend/id' are matched.

2018-05-10 17:04:36 - [MESSAGE][PASSED] - Actual text and expected text of test object 'Object Repository/Transaction/Page_ProjectBackend/id' are matched.

2018-05-10 17:04:36 - [TEST_STEP][PASSED] - verifyElementText: Actual text and expected text of test object 'Object Repository/Transaction/Page_ProjectBackend/tran_id' are matched.

2018-05-10 17:04:36 - [MESSAGE][PASSED] - Actual text and expected text of test object 'Object Repository/Transaction/Page_ProjectBackend/tran_id' are matched.

2018-05-10 17:04:36 - [TEST_STEP][PASSED] - verifyElementText: Actual text and expected text of test object 'Object Repository/Transaction/Page_ProjectBackend/name' are matched.

2018-05-10 17:04:36 - [MESSAGE][PASSED] - Actual text and expected text of test object 'Object Repository/Transaction/Page_ProjectBackend/name' are matched.

2018-05-10 17:04:36 - [TEST_STEP][PASSED] - verifyElementText: Actual text and expected text of test object 'Object Repository/Transaction/Page_ProjectBackend/price' are matched.

2018-05-10 17:04:36 - [MESSAGE][PASSED] - Actual text and expected text of test object 'Object Repository/Transaction/Page_ProjectBackend/price' are matched.

2018-05-10 17:04:36 - [TEST_STEP][PASSED] - closeBrowser: Browser is closed

2018-05-10 17:04:37 - [MESSAGE][PASSED] - Browser is closed]]></system-out>
         <system-err><![CDATA[]]></system-err>
      </testcase>
      <system-out><![CDATA[2018-05-10 17:01:50 - [TEST_SUITE][FAILED] - New Test Suite: Test Cases/User FAILED because (of) Unable to click on object 'Object Repository/User/Page_ProjectBackend/a_Products' (Root cause: com.kms.katalon.core.webui.exception.WebElementNotFoundException: Web element with id: 'Object Repository/User/Page_ProjectBackend/a_Products' located by 'By.xpath: //a[@href = '/products' and (text() = 'Products
          ' or . = 'Products
          ')]' not found)]]></system-out>
      <system-err><![CDATA[2018-05-10 17:01:50 - [TEST_SUITE][FAILED] - New Test Suite: Test Cases/User FAILED because (of) Unable to click on object 'Object Repository/User/Page_ProjectBackend/a_Products' (Root cause: com.kms.katalon.core.webui.exception.WebElementNotFoundException: Web element with id: 'Object Repository/User/Page_ProjectBackend/a_Products' located by 'By.xpath: //a[@href = '/products' and (text() = 'Products
          ' or . = 'Products
          ')]' not found)]]></system-err>
   </testsuite>
</testsuites>
